<?xml version="1.0" encoding="UTF-8"?>
<testsuite xmlns:xsi="http://www.w3.org/2001/XMLSchema-instance" xsi:noNamespaceSchemaLocation="https://maven.apache.org/surefire/maven-surefire-plugin/xsd/surefire-test-report-3.0.xsd" version="3.0" name="TestSuite" time="0.778" tests="49" errors="0" skipped="0" failures="0">
  <properties>
    <property name="java.specification.version" value="21"/>
    <property name="sun.cpu.isalist" value="amd64"/>
    <property name="sun.jnu.encoding" value="Cp1252"/>
    <property name="java.class.path" value="C:\Users\Retrodf_\Documents\Kulyeah\Semester 6\PPL\Praktek\Pertemuan 9\kalkulator-simple\target\test-classes;C:\Users\Retrodf_\Documents\Kulyeah\Semester 6\PPL\Praktek\Pertemuan 9\kalkulator-simple\target\classes;C:\Users\Retrodf_\.m2\repository\org\testng\testng\7.11.0\testng-7.11.0.jar;C:\Users\Retrodf_\.m2\repository\org\slf4j\slf4j-api\2.0.16\slf4j-api-2.0.16.jar;C:\Users\Retrodf_\.m2\repository\org\jcommander\jcommander\1.83\jcommander-1.83.jar;C:\Users\Retrodf_\.m2\repository\org\webjars\jquery\3.7.1\jquery-3.7.1.jar;C:\Users\Retrodf_\.m2\repository\io\qameta\allure\allure-maven\2.8\allure-maven-2.8.jar;C:\Users\Retrodf_\.m2\repository\org\apache\httpcomponents\httpclient\4.5.3\httpclient-4.5.3.jar;C:\Users\Retrodf_\.m2\repository\org\apache\httpcomponents\httpcore\4.4.6\httpcore-4.4.6.jar;C:\Users\Retrodf_\.m2\repository\commons-logging\commons-logging\1.2\commons-logging-1.2.jar;C:\Users\Retrodf_\.m2\repository\commons-codec\commons-codec\1.9\commons-codec-1.9.jar;C:\Users\Retrodf_\.m2\repository\org\apache\maven\maven-core\3.3.9\maven-core-3.3.9.jar;C:\Users\Retrodf_\.m2\repository\org\apache\maven\maven-model\3.3.9\maven-model-3.3.9.jar;C:\Users\Retrodf_\.m2\repository\org\apache\maven\maven-settings\3.3.9\maven-settings-3.3.9.jar;C:\Users\Retrodf_\.m2\repository\org\apache\maven\maven-settings-builder\3.3.9\maven-settings-builder-3.3.9.jar;C:\Users\Retrodf_\.m2\repository\org\apache\maven\maven-builder-support\3.3.9\maven-builder-support-3.3.9.jar;C:\Users\Retrodf_\.m2\repository\org\apache\maven\maven-repository-metadata\3.3.9\maven-repository-metadata-3.3.9.jar;C:\Users\Retrodf_\.m2\repository\org\apache\maven\maven-artifact\3.3.9\maven-artifact-3.3.9.jar;C:\Users\Retrodf_\.m2\repository\org\apache\maven\maven-plugin-api\3.3.9\maven-plugin-api-3.3.9.jar;C:\Users\Retrodf_\.m2\repository\org\apache\maven\maven-model-builder\3.3.9\maven-model-builder-3.3.9.jar;C:\Users\Retrodf_\.m2\repository\com\google\guava\guava\18.0\guava-18.0.jar;C:\Users\Retrodf_\.m2\repository\org\apache\maven\maven-aether-provider\3.3.9\maven-aether-provider-3.3.9.jar;C:\Users\Retrodf_\.m2\repository\org\eclipse\aether\aether-spi\1.0.2.v20150114\aether-spi-1.0.2.v20150114.jar;C:\Users\Retrodf_\.m2\repository\org\eclipse\aether\aether-impl\1.0.2.v20150114\aether-impl-1.0.2.v20150114.jar;C:\Users\Retrodf_\.m2\repository\org\eclipse\aether\aether-api\1.0.2.v20150114\aether-api-1.0.2.v20150114.jar;C:\Users\Retrodf_\.m2\repository\org\eclipse\aether\aether-util\1.0.2.v20150114\aether-util-1.0.2.v20150114.jar;C:\Users\Retrodf_\.m2\repository\org\eclipse\sisu\org.eclipse.sisu.plexus\0.3.2\org.eclipse.sisu.plexus-0.3.2.jar;C:\Users\Retrodf_\.m2\repository\javax\enterprise\cdi-api\1.0\cdi-api-1.0.jar;C:\Users\Retrodf_\.m2\repository\javax\annotation\jsr250-api\1.0\jsr250-api-1.0.jar;C:\Users\Retrodf_\.m2\repository\org\eclipse\sisu\org.eclipse.sisu.inject\0.3.2\org.eclipse.sisu.inject-0.3.2.jar;C:\Users\Retrodf_\.m2\repository\com\google\inject\guice\4.0\guice-4.0-no_aop.jar;C:\Users\Retrodf_\.m2\repository\javax\inject\javax.inject\1\javax.inject-1.jar;C:\Users\Retrodf_\.m2\repository\aopalliance\aopalliance\1.0\aopalliance-1.0.jar;C:\Users\Retrodf_\.m2\repository\org\codehaus\plexus\plexus-interpolation\1.21\plexus-interpolation-1.21.jar;C:\Users\Retrodf_\.m2\repository\org\codehaus\plexus\plexus-utils\3.0.22\plexus-utils-3.0.22.jar;C:\Users\Retrodf_\.m2\repository\org\codehaus\plexus\plexus-classworlds\2.5.2\plexus-classworlds-2.5.2.jar;C:\Users\Retrodf_\.m2\repository\org\codehaus\plexus\plexus-component-annotations\1.6\plexus-component-annotations-1.6.jar;C:\Users\Retrodf_\.m2\repository\org\sonatype\plexus\plexus-sec-dispatcher\1.3\plexus-sec-dispatcher-1.3.jar;C:\Users\Retrodf_\.m2\repository\org\sonatype\plexus\plexus-cipher\1.4\plexus-cipher-1.4.jar;C:\Users\Retrodf_\.m2\repository\org\apache\commons\commons-lang3\3.4\commons-lang3-3.4.jar;C:\Users\Retrodf_\.m2\repository\org\apache\maven\reporting\maven-reporting-impl\2.4\maven-reporting-impl-2.4.jar;C:\Users\Retrodf_\.m2\repository\org\apache\maven\reporting\maven-reporting-api\3.0\maven-reporting-api-3.0.jar;C:\Users\Retrodf_\.m2\repository\org\apache\maven\maven-project\2.2.1\maven-project-2.2.1.jar;C:\Users\Retrodf_\.m2\repository\org\apache\maven\maven-profile\2.2.1\maven-profile-2.2.1.jar;C:\Users\Retrodf_\.m2\repository\org\apache\maven\maven-artifact-manager\2.2.1\maven-artifact-manager-2.2.1.jar;C:\Users\Retrodf_\.m2\repository\backport-util-concurrent\backport-util-concurrent\3.1\backport-util-concurrent-3.1.jar;C:\Users\Retrodf_\.m2\repository\org\apache\maven\maven-plugin-registry\2.2.1\maven-plugin-registry-2.2.1.jar;C:\Users\Retrodf_\.m2\repository\org\codehaus\plexus\plexus-container-default\1.0-alpha-9-stable-1\plexus-container-default-1.0-alpha-9-stable-1.jar;C:\Users\Retrodf_\.m2\repository\junit\junit\3.8.1\junit-3.8.1.jar;C:\Users\Retrodf_\.m2\repository\classworlds\classworlds\1.1-alpha-2\classworlds-1.1-alpha-2.jar;C:\Users\Retrodf_\.m2\repository\org\apache\maven\shared\maven-shared-utils\0.6\maven-shared-utils-0.6.jar;C:\Users\Retrodf_\.m2\repository\com\google\code\findbugs\jsr305\2.0.1\jsr305-2.0.1.jar;C:\Users\Retrodf_\.m2\repository\org\apache\maven\doxia\doxia-sink-api\1.6\doxia-sink-api-1.6.jar;C:\Users\Retrodf_\.m2\repository\org\apache\maven\doxia\doxia-logging-api\1.6\doxia-logging-api-1.6.jar;C:\Users\Retrodf_\.m2\repository\org\apache\maven\doxia\doxia-core\1.6\doxia-core-1.6.jar;C:\Users\Retrodf_\.m2\repository\xerces\xercesImpl\2.9.1\xercesImpl-2.9.1.jar;C:\Users\Retrodf_\.m2\repository\commons-lang\commons-lang\2.4\commons-lang-2.4.jar;C:\Users\Retrodf_\.m2\repository\xmlunit\xmlunit\1.5\xmlunit-1.5.jar;C:\Users\Retrodf_\.m2\repository\org\apache\maven\doxia\doxia-site-renderer\1.6\doxia-site-renderer-1.6.jar;C:\Users\Retrodf_\.m2\repository\org\apache\maven\doxia\doxia-decoration-model\1.6\doxia-decoration-model-1.6.jar;C:\Users\Retrodf_\.m2\repository\org\apache\maven\doxia\doxia-module-xhtml\1.6\doxia-module-xhtml-1.6.jar;C:\Users\Retrodf_\.m2\repository\org\apache\maven\doxia\doxia-module-fml\1.6\doxia-module-fml-1.6.jar;C:\Users\Retrodf_\.m2\repository\org\codehaus\plexus\plexus-i18n\1.0-beta-7\plexus-i18n-1.0-beta-7.jar;C:\Users\Retrodf_\.m2\repository\org\codehaus\plexus\plexus-velocity\1.1.7\plexus-velocity-1.1.7.jar;C:\Users\Retrodf_\.m2\repository\org\apache\velocity\velocity-tools\2.0\velocity-tools-2.0.jar;C:\Users\Retrodf_\.m2\repository\commons-chain\commons-chain\1.1\commons-chain-1.1.jar;C:\Users\Retrodf_\.m2\repository\dom4j\dom4j\1.1\dom4j-1.1.jar;C:\Users\Retrodf_\.m2\repository\sslext\sslext\1.2-0\sslext-1.2-0.jar;C:\Users\Retrodf_\.m2\repository\org\apache\struts\struts-core\1.3.8\struts-core-1.3.8.jar;C:\Users\Retrodf_\.m2\repository\antlr\antlr\2.7.2\antlr-2.7.2.jar;C:\Users\Retrodf_\.m2\repository\org\apache\struts\struts-taglib\1.3.8\struts-taglib-1.3.8.jar;C:\Users\Retrodf_\.m2\repository\org\apache\struts\struts-tiles\1.3.8\struts-tiles-1.3.8.jar;C:\Users\Retrodf_\.m2\repository\commons-validator\commons-validator\1.4.1\commons-validator-1.4.1.jar;C:\Users\Retrodf_\.m2\repository\commons-digester\commons-digester\1.8.1\commons-digester-1.8.1.jar;C:\Users\Retrodf_\.m2\repository\commons-beanutils\commons-beanutils\1.9.3\commons-beanutils-1.9.3.jar;C:\Users\Retrodf_\.m2\repository\commons-collections\commons-collections\3.2.2\commons-collections-3.2.2.jar;C:\Users\Retrodf_\.m2\repository\net\lingala\zip4j\zip4j\1.3.2\zip4j-1.3.2.jar;C:\Users\Retrodf_\.m2\repository\org\apache\commons\commons-exec\1.3\commons-exec-1.3.jar;C:\Users\Retrodf_\.m2\repository\org\apache\maven\plugin-tools\maven-plugin-annotations\3.2\maven-plugin-annotations-3.2.jar;C:\Users\Retrodf_\.m2\repository\org\apache\maven\plugins\maven-jxr-plugin\2.5\maven-jxr-plugin-2.5.jar;C:\Users\Retrodf_\.m2\repository\org\apache\velocity\velocity\1.5\velocity-1.5.jar;C:\Users\Retrodf_\.m2\repository\oro\oro\2.0.8\oro-2.0.8.jar;C:\Users\Retrodf_\.m2\repository\org\apache\maven\maven-jxr\2.5\maven-jxr-2.5.jar;C:\Users\Retrodf_\.m2\repository\commons-io\commons-io\2.0.1\commons-io-2.0.1.jar;C:\Users\Retrodf_\.m2\repository\org\apache\maven\wagon\wagon-provider-api\1.0\wagon-provider-api-1.0.jar;C:\Users\Retrodf_\.m2\repository\xml-apis\xml-apis\1.0.b2\xml-apis-1.0.b2.jar;C:\Users\Retrodf_\.m2\repository\xalan\xalan\2.7.0\xalan-2.7.0.jar;"/>
    <property name="java.vm.vendor" value="Oracle Corporation"/>
    <property name="sun.arch.data.model" value="64"/>
    <property name="user.variant" value=""/>
    <property name="java.vendor.url" value="https://java.oracle.com/"/>
    <property name="user.timezone" value="Asia/Bangkok"/>
    <property name="os.name" value="Windows 11"/>
    <property name="java.vm.specification.version" value="21"/>
    <property name="sun.java.launcher" value="SUN_STANDARD"/>
    <property name="user.country" value="US"/>
    <property name="sun.boot.library.path" value="C:\Program Files\Java\jdk-21\bin"/>
    <property name="sun.java.command" value="C:\Users\Retrodf_\AppData\Local\Temp\surefire12069871948522160504\surefirebooter5963426907379622085.jar C:\Users\Retrodf_\AppData\Local\Temp\surefire12069871948522160504 2025-05-04T17-03-00_290-jvmRun1 surefire15501239844066969256tmp surefire_09685169752603788657tmp"/>
    <property name="jdk.debug" value="release"/>
    <property name="surefire.test.class.path" value="C:\Users\Retrodf_\Documents\Kulyeah\Semester 6\PPL\Praktek\Pertemuan 9\kalkulator-simple\target\test-classes;C:\Users\Retrodf_\Documents\Kulyeah\Semester 6\PPL\Praktek\Pertemuan 9\kalkulator-simple\target\classes;C:\Users\Retrodf_\.m2\repository\org\testng\testng\7.11.0\testng-7.11.0.jar;C:\Users\Retrodf_\.m2\repository\org\slf4j\slf4j-api\2.0.16\slf4j-api-2.0.16.jar;C:\Users\Retrodf_\.m2\repository\org\jcommander\jcommander\1.83\jcommander-1.83.jar;C:\Users\Retrodf_\.m2\repository\org\webjars\jquery\3.7.1\jquery-3.7.1.jar;C:\Users\Retrodf_\.m2\repository\io\qameta\allure\allure-maven\2.8\allure-maven-2.8.jar;C:\Users\Retrodf_\.m2\repository\org\apache\httpcomponents\httpclient\4.5.3\httpclient-4.5.3.jar;C:\Users\Retrodf_\.m2\repository\org\apache\httpcomponents\httpcore\4.4.6\httpcore-4.4.6.jar;C:\Users\Retrodf_\.m2\repository\commons-logging\commons-logging\1.2\commons-logging-1.2.jar;C:\Users\Retrodf_\.m2\repository\commons-codec\commons-codec\1.9\commons-codec-1.9.jar;C:\Users\Retrodf_\.m2\repository\org\apache\maven\maven-core\3.3.9\maven-core-3.3.9.jar;C:\Users\Retrodf_\.m2\repository\org\apache\maven\maven-model\3.3.9\maven-model-3.3.9.jar;C:\Users\Retrodf_\.m2\repository\org\apache\maven\maven-settings\3.3.9\maven-settings-3.3.9.jar;C:\Users\Retrodf_\.m2\repository\org\apache\maven\maven-settings-builder\3.3.9\maven-settings-builder-3.3.9.jar;C:\Users\Retrodf_\.m2\repository\org\apache\maven\maven-builder-support\3.3.9\maven-builder-support-3.3.9.jar;C:\Users\Retrodf_\.m2\repository\org\apache\maven\maven-repository-metadata\3.3.9\maven-repository-metadata-3.3.9.jar;C:\Users\Retrodf_\.m2\repository\org\apache\maven\maven-artifact\3.3.9\maven-artifact-3.3.9.jar;C:\Users\Retrodf_\.m2\repository\org\apache\maven\maven-plugin-api\3.3.9\maven-plugin-api-3.3.9.jar;C:\Users\Retrodf_\.m2\repository\org\apache\maven\maven-model-builder\3.3.9\maven-model-builder-3.3.9.jar;C:\Users\Retrodf_\.m2\repository\com\google\guava\guava\18.0\guava-18.0.jar;C:\Users\Retrodf_\.m2\repository\org\apache\maven\maven-aether-provider\3.3.9\maven-aether-provider-3.3.9.jar;C:\Users\Retrodf_\.m2\repository\org\eclipse\aether\aether-spi\1.0.2.v20150114\aether-spi-1.0.2.v20150114.jar;C:\Users\Retrodf_\.m2\repository\org\eclipse\aether\aether-impl\1.0.2.v20150114\aether-impl-1.0.2.v20150114.jar;C:\Users\Retrodf_\.m2\repository\org\eclipse\aether\aether-api\1.0.2.v20150114\aether-api-1.0.2.v20150114.jar;C:\Users\Retrodf_\.m2\repository\org\eclipse\aether\aether-util\1.0.2.v20150114\aether-util-1.0.2.v20150114.jar;C:\Users\Retrodf_\.m2\repository\org\eclipse\sisu\org.eclipse.sisu.plexus\0.3.2\org.eclipse.sisu.plexus-0.3.2.jar;C:\Users\Retrodf_\.m2\repository\javax\enterprise\cdi-api\1.0\cdi-api-1.0.jar;C:\Users\Retrodf_\.m2\repository\javax\annotation\jsr250-api\1.0\jsr250-api-1.0.jar;C:\Users\Retrodf_\.m2\repository\org\eclipse\sisu\org.eclipse.sisu.inject\0.3.2\org.eclipse.sisu.inject-0.3.2.jar;C:\Users\Retrodf_\.m2\repository\com\google\inject\guice\4.0\guice-4.0-no_aop.jar;C:\Users\Retrodf_\.m2\repository\javax\inject\javax.inject\1\javax.inject-1.jar;C:\Users\Retrodf_\.m2\repository\aopalliance\aopalliance\1.0\aopalliance-1.0.jar;C:\Users\Retrodf_\.m2\repository\org\codehaus\plexus\plexus-interpolation\1.21\plexus-interpolation-1.21.jar;C:\Users\Retrodf_\.m2\repository\org\codehaus\plexus\plexus-utils\3.0.22\plexus-utils-3.0.22.jar;C:\Users\Retrodf_\.m2\repository\org\codehaus\plexus\plexus-classworlds\2.5.2\plexus-classworlds-2.5.2.jar;C:\Users\Retrodf_\.m2\repository\org\codehaus\plexus\plexus-component-annotations\1.6\plexus-component-annotations-1.6.jar;C:\Users\Retrodf_\.m2\repository\org\sonatype\plexus\plexus-sec-dispatcher\1.3\plexus-sec-dispatcher-1.3.jar;C:\Users\Retrodf_\.m2\repository\org\sonatype\plexus\plexus-cipher\1.4\plexus-cipher-1.4.jar;C:\Users\Retrodf_\.m2\repository\org\apache\commons\commons-lang3\3.4\commons-lang3-3.4.jar;C:\Users\Retrodf_\.m2\repository\org\apache\maven\reporting\maven-reporting-impl\2.4\maven-reporting-impl-2.4.jar;C:\Users\Retrodf_\.m2\repository\org\apache\maven\reporting\maven-reporting-api\3.0\maven-reporting-api-3.0.jar;C:\Users\Retrodf_\.m2\repository\org\apache\maven\maven-project\2.2.1\maven-project-2.2.1.jar;C:\Users\Retrodf_\.m2\repository\org\apache\maven\maven-profile\2.2.1\maven-profile-2.2.1.jar;C:\Users\Retrodf_\.m2\repository\org\apache\maven\maven-artifact-manager\2.2.1\maven-artifact-manager-2.2.1.jar;C:\Users\Retrodf_\.m2\repository\backport-util-concurrent\backport-util-concurrent\3.1\backport-util-concurrent-3.1.jar;C:\Users\Retrodf_\.m2\repository\org\apache\maven\maven-plugin-registry\2.2.1\maven-plugin-registry-2.2.1.jar;C:\Users\Retrodf_\.m2\repository\org\codehaus\plexus\plexus-container-default\1.0-alpha-9-stable-1\plexus-container-default-1.0-alpha-9-stable-1.jar;C:\Users\Retrodf_\.m2\repository\junit\junit\3.8.1\junit-3.8.1.jar;C:\Users\Retrodf_\.m2\repository\classworlds\classworlds\1.1-alpha-2\classworlds-1.1-alpha-2.jar;C:\Users\Retrodf_\.m2\repository\org\apache\maven\shared\maven-shared-utils\0.6\maven-shared-utils-0.6.jar;C:\Users\Retrodf_\.m2\repository\com\google\code\findbugs\jsr305\2.0.1\jsr305-2.0.1.jar;C:\Users\Retrodf_\.m2\repository\org\apache\maven\doxia\doxia-sink-api\1.6\doxia-sink-api-1.6.jar;C:\Users\Retrodf_\.m2\repository\org\apache\maven\doxia\doxia-logging-api\1.6\doxia-logging-api-1.6.jar;C:\Users\Retrodf_\.m2\repository\org\apache\maven\doxia\doxia-core\1.6\doxia-core-1.6.jar;C:\Users\Retrodf_\.m2\repository\xerces\xercesImpl\2.9.1\xercesImpl-2.9.1.jar;C:\Users\Retrodf_\.m2\repository\commons-lang\commons-lang\2.4\commons-lang-2.4.jar;C:\Users\Retrodf_\.m2\repository\xmlunit\xmlunit\1.5\xmlunit-1.5.jar;C:\Users\Retrodf_\.m2\repository\org\apache\maven\doxia\doxia-site-renderer\1.6\doxia-site-renderer-1.6.jar;C:\Users\Retrodf_\.m2\repository\org\apache\maven\doxia\doxia-decoration-model\1.6\doxia-decoration-model-1.6.jar;C:\Users\Retrodf_\.m2\repository\org\apache\maven\doxia\doxia-module-xhtml\1.6\doxia-module-xhtml-1.6.jar;C:\Users\Retrodf_\.m2\repository\org\apache\maven\doxia\doxia-module-fml\1.6\doxia-module-fml-1.6.jar;C:\Users\Retrodf_\.m2\repository\org\codehaus\plexus\plexus-i18n\1.0-beta-7\plexus-i18n-1.0-beta-7.jar;C:\Users\Retrodf_\.m2\repository\org\codehaus\plexus\plexus-velocity\1.1.7\plexus-velocity-1.1.7.jar;C:\Users\Retrodf_\.m2\repository\org\apache\velocity\velocity-tools\2.0\velocity-tools-2.0.jar;C:\Users\Retrodf_\.m2\repository\commons-chain\commons-chain\1.1\commons-chain-1.1.jar;C:\Users\Retrodf_\.m2\repository\dom4j\dom4j\1.1\dom4j-1.1.jar;C:\Users\Retrodf_\.m2\repository\sslext\sslext\1.2-0\sslext-1.2-0.jar;C:\Users\Retrodf_\.m2\repository\org\apache\struts\struts-core\1.3.8\struts-core-1.3.8.jar;C:\Users\Retrodf_\.m2\repository\antlr\antlr\2.7.2\antlr-2.7.2.jar;C:\Users\Retrodf_\.m2\repository\org\apache\struts\struts-taglib\1.3.8\struts-taglib-1.3.8.jar;C:\Users\Retrodf_\.m2\repository\org\apache\struts\struts-tiles\1.3.8\struts-tiles-1.3.8.jar;C:\Users\Retrodf_\.m2\repository\commons-validator\commons-validator\1.4.1\commons-validator-1.4.1.jar;C:\Users\Retrodf_\.m2\repository\commons-digester\commons-digester\1.8.1\commons-digester-1.8.1.jar;C:\Users\Retrodf_\.m2\repository\commons-beanutils\commons-beanutils\1.9.3\commons-beanutils-1.9.3.jar;C:\Users\Retrodf_\.m2\repository\commons-collections\commons-collections\3.2.2\commons-collections-3.2.2.jar;C:\Users\Retrodf_\.m2\repository\net\lingala\zip4j\zip4j\1.3.2\zip4j-1.3.2.jar;C:\Users\Retrodf_\.m2\repository\org\apache\commons\commons-exec\1.3\commons-exec-1.3.jar;C:\Users\Retrodf_\.m2\repository\org\apache\maven\plugin-tools\maven-plugin-annotations\3.2\maven-plugin-annotations-3.2.jar;C:\Users\Retrodf_\.m2\repository\org\apache\maven\plugins\maven-jxr-plugin\2.5\maven-jxr-plugin-2.5.jar;C:\Users\Retrodf_\.m2\repository\org\apache\velocity\velocity\1.5\velocity-1.5.jar;C:\Users\Retrodf_\.m2\repository\oro\oro\2.0.8\oro-2.0.8.jar;C:\Users\Retrodf_\.m2\repository\org\apache\maven\maven-jxr\2.5\maven-jxr-2.5.jar;C:\Users\Retrodf_\.m2\repository\commons-io\commons-io\2.0.1\commons-io-2.0.1.jar;C:\Users\Retrodf_\.m2\repository\org\apache\maven\wagon\wagon-provider-api\1.0\wagon-provider-api-1.0.jar;C:\Users\Retrodf_\.m2\repository\xml-apis\xml-apis\1.0.b2\xml-apis-1.0.b2.jar;C:\Users\Retrodf_\.m2\repository\xalan\xalan\2.7.0\xalan-2.7.0.jar;"/>
    <property name="sun.cpu.endian" value="little"/>
    <property name="user.home" value="C:\Users\Retrodf_"/>
    <property name="user.language" value="en"/>
    <property name="java.specification.vendor" value="Oracle Corporation"/>
    <property name="java.version.date" value="2024-01-16"/>
    <property name="java.home" value="C:\Program Files\Java\jdk-21"/>
    <property name="file.separator" value="\"/>
    <property name="basedir" value="C:\Users\Retrodf_\Documents\Kulyeah\Semester 6\PPL\Praktek\Pertemuan 9\kalkulator-simple"/>
    <property name="java.vm.compressedOopsMode" value="Zero based"/>
    <property name="line.separator" value="&#10;"/>
    <property name="java.vm.specification.vendor" value="Oracle Corporation"/>
    <property name="java.specification.name" value="Java Platform API Specification"/>
    <property name="surefire.real.class.path" value="C:\Users\Retrodf_\AppData\Local\Temp\surefire12069871948522160504\surefirebooter5963426907379622085.jar"/>
    <property name="user.script" value=""/>
    <property name="sun.management.compiler" value="HotSpot 64-Bit Tiered Compilers"/>
    <property name="java.runtime.version" value="21.0.2+13-LTS-58"/>
    <property name="user.name" value="Retrodf_"/>
    <property name="stdout.encoding" value="Cp1252"/>
    <property name="path.separator" value=";"/>
    <property name="os.version" value="10.0"/>
    <property name="java.runtime.name" value="Java(TM) SE Runtime Environment"/>
    <property name="file.encoding" value="UTF-8"/>
    <property name="java.vm.name" value="Java HotSpot(TM) 64-Bit Server VM"/>
    <property name="localRepository" value="C:\Users\Retrodf_\.m2\repository"/>
    <property name="java.vendor.url.bug" value="https://bugreport.java.com/bugreport/"/>
    <property name="java.io.tmpdir" value="C:\Users\Retrodf_\AppData\Local\Temp\"/>
    <property name="java.version" value="21.0.2"/>
    <property name="user.dir" value="C:\Users\Retrodf_\Documents\Kulyeah\Semester 6\PPL\Praktek\Pertemuan 9\kalkulator-simple"/>
    <property name="os.arch" value="amd64"/>
    <property name="java.vm.specification.name" value="Java Virtual Machine Specification"/>
    <property name="sun.os.patch.level" value=""/>
    <property name="native.encoding" value="Cp1252"/>
    <property name="java.library.path" value="C:\Program Files\Java\jdk-21\bin;C:\WINDOWS\Sun\Java\bin;C:\WINDOWS\system32;C:\WINDOWS;C:\Program Files\Common Files\Oracle\Java\javapath;C:\Program Files (x86)\Common Files\Oracle\Java\java8path;C:\Program Files (x86)\Common Files\Oracle\Java\javapath;C:\Program Files (x86)\Common Files\Intel\Shared Libraries\redist\intel64\compiler;C:\Program Files\Haskell\bin;C:\Program Files\Haskell Platform\7.10.2-a\lib\extralibs\bin;C:\Program Files\Haskell Platform\7.10.2-a\bin;C:\app\Retrodf_\product\21c\dbhomeXE\bin;C:\WINDOWS\system32;C:\WINDOWS;C:\WINDOWS\System32\Wbem;C:\WINDOWS\System32\WindowsPowerShell\v1.0\;C:\WINDOWS\System32\OpenSSH\;C:\Program Files\PuTTY\;C:\ProgramData\chocolatey\bin;C:\Program Files\Haskell Platform\7.10.2-a\mingw\bin;C:\Program Files\swipl\bin;C:\Users\Retrodf_\AppData\Local\Programs\Python\Python312;C:\Program Files\dotnet\;C:\xampp\php;C:\ProgramData\ComposerSetup\bin;C:\Program Files\Git\cmd;C:\Program Files\Docker\Docker\resources\bin;C:\Program Files\MySQL\MySQL Server 8.0\bin;C:\apache-maven-3.9.9\bin;C:\Users\Retrodf_\AppData\Local\nvm;C:\nvm4w\nodejs;C:\minikube;C:\Users\Retrodf_\scoop\shims;C:\Users\Retrodf_\AppData\Local\Programs\Python\Python311\Scripts\;C:\Users\Retrodf_\AppData\Local\Programs\Python\Python311\;C:\Ruby32-x64\bin;C:\Program Files (x86)\Common Files\Intel\Shared Libraries\redist\intel64\compiler;C:\Program Files\Haskell\bin;C:\Program Files\Haskell Platform\7.10.2-a\lib\extralibs\bin;C:\Program Files\Haskell Platform\7.10.2-a\bin;C:\app\Retrodf_\product\21c\dbhomeXE\bin;C:\WINDOWS\system32;C:\WINDOWS;C:\WINDOWS\System32\Wbem;C:\WINDOWS\System32\WindowsPowerShell\v1.0\;C:\WINDOWS\System32\OpenSSH\;C:\Strawberry\c\bin;C:\Strawberry\perl\site\bin;C:\Strawberry\perl\bin;C:\Program Files\PuTTY\;C:\ProgramData\chocolatey\bin;C:\Program Files\Haskell Platform\7.10.2-a\mingw\bin;C:\Program Files\swipl\bin;C:\Users\Retrodf_\AppData\Local\Temp\_MEI166922;C:\Users\Retrodf_\AppData\Local\spicetify;C:\Users\Retrodf_\AppData\Local\Programs\Microsoft VS Code\bin;C:\Users\Retrodf_\AppData\Roaming\Composer\vendor\bin;C:\Users\Retrodf_\AppData\Roaming\npm;C:\Program Files\MySQL\MySQL Server 8.0\bin;C:\Users\Retrodf_\AppData\Local\Microsoft\WindowsApps;C:\Users\Retrodf_\AppData\Local\nvm;C:\nvm4w\nodejs;c:\Users\Retrodf_\AppData\Roaming\Code\User\globalStorage\github.copilot-chat\debugCommand;."/>
    <property name="java.vm.info" value="mixed mode, sharing"/>
    <property name="stderr.encoding" value="Cp1252"/>
    <property name="java.vendor" value="Oracle Corporation"/>
    <property name="java.vm.version" value="21.0.2+13-LTS-58"/>
    <property name="sun.io.unicode.encoding" value="UnicodeLittle"/>
    <property name="java.class.version" value="65.0"/>
  </properties>
  <testcase name="main_TC1" classname="com.swt.AppTest" time="0.01">
    <system-err><![CDATA[SLF4J(W): No SLF4J providers were found.
SLF4J(W): Defaulting to no-operation (NOP) logger implementation
SLF4J(W): See https://www.slf4j.org/codes.html#noProviders for further details.
]]></system-err>
  </testcase>
  <testcase name="main_TC2" classname="com.swt.AppTest" time="0.002"/>
  <testcase name="main_TC3" classname="com.swt.AppTest" time="0.001"/>
  <testcase name="main_TC4" classname="com.swt.AppTest" time="0.001"/>
  <testcase name="main_TC5" classname="com.swt.AppTest" time="0.002"/>
  <testcase name="add_TC1_posInt" classname="com.swt.OperationTest" time="0.001"/>
  <testcase name="add_TC2_negInt" classname="com.swt.OperationTest" time="0"/>
  <testcase name="add_TC3_mixInt" classname="com.swt.OperationTest" time="0"/>
  <testcase name="add_TC4_mixDec" classname="com.swt.OperationTest" time="0"/>
  <testcase name="add_TC5_zero" classname="com.swt.OperationTest" time="0"/>
  <testcase name="div_TC1_posInt" classname="com.swt.OperationTest" time="0"/>
  <testcase name="div_TC2_negInt" classname="com.swt.OperationTest" time="0"/>
  <testcase name="div_TC3_mixInt" classname="com.swt.OperationTest" time="0.001"/>
  <testcase name="div_TC4_posFloat" classname="com.swt.OperationTest" time="0"/>
  <testcase name="div_TC5_negFloat" classname="com.swt.OperationTest" time="0"/>
  <testcase name="div_TC6_mixFloat" classname="com.swt.OperationTest" time="0"/>
  <testcase name="mul_TC1_posInt" classname="com.swt.OperationTest" time="0.001"/>
  <testcase name="mul_TC2_negInt" classname="com.swt.OperationTest" time="0"/>
  <testcase name="mul_TC3_mixInt" classname="com.swt.OperationTest" time="0"/>
  <testcase name="mul_TC4_mixDec" classname="com.swt.OperationTest" time="0.001"/>
  <testcase name="mul_TC5_zero" classname="com.swt.OperationTest" time="0"/>
  <testcase name="sub_TC1_posInt" classname="com.swt.OperationTest" time="0"/>
  <testcase name="sub_TC2_negInt" classname="com.swt.OperationTest" time="0"/>
  <testcase name="sub_TC3_mixInt" classname="com.swt.OperationTest" time="0.001"/>
  <testcase name="sub_TC4_posFloat" classname="com.swt.OperationTest" time="0.001"/>
  <testcase name="sub_TC5_negFloat" classname="com.swt.OperationTest" time="0"/>
  <testcase name="sub_TC6_mixFloat" classname="com.swt.OperationTest" time="0"/>
  <testcase name="sub_TC7_zero" classname="com.swt.OperationTest" time="0"/>
  <testcase name="printError_TC1" classname="com.swt.ResultPrinterTest" time="0"/>
  <testcase name="printError_TC2" classname="com.swt.ResultPrinterTest" time="0"/>
  <testcase name="printError_TC3" classname="com.swt.ResultPrinterTest" time="0.001"/>
  <testcase name="printError_TC4" classname="com.swt.ResultPrinterTest" time="0.001"/>
  <testcase name="printError_TC5" classname="com.swt.ResultPrinterTest" time="0"/>
  <testcase name="printResult_TC1" classname="com.swt.ResultPrinterTest" time="0"/>
  <testcase name="checkDivisor_TC1" classname="com.swt.ValidatorTest" time="0"/>
  <testcase name="checkDivisor_TC2" classname="com.swt.ValidatorTest" time="0"/>
  <testcase name="checkNumeric_TC1" classname="com.swt.ValidatorTest" time="0"/>
  <testcase name="checkNumeric_TC2" classname="com.swt.ValidatorTest" time="0.001"/>
  <testcase name="checkNumeric_TC3" classname="com.swt.ValidatorTest" time="0"/>
  <testcase name="checkOperator_TC1" classname="com.swt.ValidatorTest" time="0.001"/>
  <testcase name="checkOperator_TC2" classname="com.swt.ValidatorTest" time="0"/>
  <testcase name="checkOperator_TC3" classname="com.swt.ValidatorTest" time="0"/>
  <testcase name="checkOperator_TC4" classname="com.swt.ValidatorTest" time="0"/>
  <testcase name="checkOperator_TC5" classname="com.swt.ValidatorTest" time="0"/>
  <testcase name="checkRange_TC1" classname="com.swt.ValidatorTest" time="0"/>
  <testcase name="checkRange_TC2" classname="com.swt.ValidatorTest" time="0"/>
  <testcase name="checkRange_TC3" classname="com.swt.ValidatorTest" time="0"/>
  <testcase name="checkRange_TC4" classname="com.swt.ValidatorTest" time="0"/>
  <testcase name="checkRange_TC5" classname="com.swt.ValidatorTest" time="0.001"/>
</testsuite>