<?xml version="1.0" encoding="UTF-8"?>
<!-- Generated by org.testng.reporters.JUnitReportReporter -->
<testsuite hostname="LAPTOP-N8E3DN4O" failures="0" tests="10" name="com.swt.OperationTest" time="0.016" errors="0" timestamp="2025-05-03T20:45:35 WIB" skipped="0">
  <testcase classname="com.swt.OperationTest" name="mul_TC2_negInt" time="0.000"/>
  <testcase classname="com.swt.OperationTest" name="add_TC5_zero" time="0.001"/>
  <testcase classname="com.swt.OperationTest" name="mul_TC1_posInt" time="0.000"/>
  <testcase classname="com.swt.OperationTest" name="mul_TC5_zero" time="0.000"/>
  <testcase classname="com.swt.OperationTest" name="add_TC4_mixDec" time="0.000"/>
  <testcase classname="com.swt.OperationTest" name="add_TC2_negInt" time="0.001"/>
  <testcase classname="com.swt.OperationTest" name="add_TC1_posInt" time="0.011"/>
  <testcase classname="com.swt.OperationTest" name="mul_TC3_mixInt" time="0.001"/>
  <testcase classname="com.swt.OperationTest" name="mul_TC4_mixDec" time="0.001"/>
  <testcase classname="com.swt.OperationTest" name="add_TC3_mixInt" time="0.001"/>
</testsuite> <!-- com.swt.OperationTest -->
