<?xml version="1.0" encoding="UTF-8"?>
<!-- Generated by org.testng.reporters.JUnitReportReporter -->
<testsuite hostname="MSI" failures="0" tests="15" name="com.swt.ValidatorTest" time="0.011" errors="0" timestamp="2025-05-04T17:03:01 ICT" skipped="0">
  <testcase classname="com.swt.ValidatorTest" name="checkRange_TC5" time="0.000"/>
  <testcase classname="com.swt.ValidatorTest" name="checkOperator_TC5" time="0.000"/>
  <testcase classname="com.swt.ValidatorTest" name="checkOperator_TC1" time="0.000"/>
  <testcase classname="com.swt.ValidatorTest" name="checkRange_TC1" time="0.001"/>
  <testcase classname="com.swt.ValidatorTest" name="checkNumeric_TC1" time="0.000"/>
  <testcase classname="com.swt.ValidatorTest" name="checkRange_TC4" time="0.000"/>
  <testcase classname="com.swt.ValidatorTest" name="checkOperator_TC2" time="0.000"/>
  <testcase classname="com.swt.ValidatorTest" name="checkOperator_TC3" time="0.000"/>
  <testcase classname="com.swt.ValidatorTest" name="checkNumeric_TC3" time="0.001"/>
  <testcase classname="com.swt.ValidatorTest" name="checkOperator_TC4" time="0.002"/>
  <testcase classname="com.swt.ValidatorTest" name="checkRange_TC2" time="0.001"/>
  <testcase classname="com.swt.ValidatorTest" name="checkRange_TC3" time="0.003"/>
  <testcase classname="com.swt.ValidatorTest" name="checkDivisor_TC1" time="0.000"/>
  <testcase classname="com.swt.ValidatorTest" name="checkDivisor_TC2" time="0.000"/>
  <testcase classname="com.swt.ValidatorTest" name="checkNumeric_TC2" time="0.003"/>
</testsuite> <!-- com.swt.ValidatorTest -->
