<?xml version="1.0" encoding="UTF-8"?>
<!-- Generated by org.testng.reporters.JUnitReportReporter -->
<testsuite hostname="LAPTOP-N8E3DN4O" failures="0" tests="5" name="com.swt.ResultPrinterTest" time="0.013" errors="0" timestamp="2025-05-04T00:25:22 WIB" skipped="0">
  <testcase classname="com.swt.ResultPrinterTest" name="printError_TC4" time="0.001"/>
  <testcase classname="com.swt.ResultPrinterTest" name="printError_TC5" time="0.000"/>
  <testcase classname="com.swt.ResultPrinterTest" name="printError_TC1" time="0.006"/>
  <testcase classname="com.swt.ResultPrinterTest" name="printError_TC2" time="0.006"/>
  <testcase classname="com.swt.ResultPrinterTest" name="printError_TC3" time="0.000"/>
</testsuite> <!-- com.swt.ResultPrinterTest -->
