<?xml version="1.0" encoding="UTF-8"?>
<!-- Generated by org.testng.reporters.JUnitReportReporter -->
<testsuite hostname="MSI" failures="0" tests="23" name="com.swt.OperationTest" time="0.010" errors="0" timestamp="2025-05-04T17:03:01 ICT" skipped="0">
  <testcase classname="com.swt.OperationTest" name="sub_TC2_negInt" time="0.000"/>
  <testcase classname="com.swt.OperationTest" name="sub_TC6_mixFloat" time="0.001"/>
  <testcase classname="com.swt.OperationTest" name="mul_TC4_mixDec" time="0.001"/>
  <testcase classname="com.swt.OperationTest" name="sub_TC4_posFloat" time="0.000"/>
  <testcase classname="com.swt.OperationTest" name="div_TC1_posInt" time="0.000"/>
  <testcase classname="com.swt.OperationTest" name="add_TC3_mixInt" time="0.001"/>
  <testcase classname="com.swt.OperationTest" name="div_TC2_negInt" time="0.001"/>
  <testcase classname="com.swt.OperationTest" name="div_TC3_mixInt" time="0.000"/>
  <testcase classname="com.swt.OperationTest" name="mul_TC1_posInt" time="0.000"/>
  <testcase classname="com.swt.OperationTest" name="sub_TC5_negFloat" time="0.000"/>
  <testcase classname="com.swt.OperationTest" name="div_TC4_posFloat" time="0.000"/>
  <testcase classname="com.swt.OperationTest" name="mul_TC5_zero" time="0.000"/>
  <testcase classname="com.swt.OperationTest" name="add_TC1_posInt" time="0.001"/>
  <testcase classname="com.swt.OperationTest" name="add_TC2_negInt" time="0.001"/>
  <testcase classname="com.swt.OperationTest" name="add_TC5_zero" time="0.000"/>
  <testcase classname="com.swt.OperationTest" name="sub_TC3_mixInt" time="0.000"/>
  <testcase classname="com.swt.OperationTest" name="sub_TC7_zero" time="0.001"/>
  <testcase classname="com.swt.OperationTest" name="mul_TC2_negInt" time="0.001"/>
  <testcase classname="com.swt.OperationTest" name="div_TC6_mixFloat" time="0.000"/>
  <testcase classname="com.swt.OperationTest" name="div_TC5_negFloat" time="0.001"/>
  <testcase classname="com.swt.OperationTest" name="mul_TC3_mixInt" time="0.000"/>
  <testcase classname="com.swt.OperationTest" name="add_TC4_mixDec" time="0.001"/>
  <testcase classname="com.swt.OperationTest" name="sub_TC1_posInt" time="0.000"/>
</testsuite> <!-- com.swt.OperationTest -->
