<?xml version="1.0" encoding="UTF-8"?>
<!-- Generated by org.testng.reporters.JUnitReportReporter -->
<testsuite hostname="LAPTOP-N8E3DN4O" failures="0" tests="5" name="com.swt.AppTest" time="0.062" errors="0" timestamp="2025-05-04T20:46:22 WIB" skipped="0">
  <testcase classname="com.swt.AppTest" name="main_TC1" time="0.018"/>
  <testcase classname="com.swt.AppTest" name="main_TC5" time="0.010"/>
  <testcase classname="com.swt.AppTest" name="main_TC2" time="0.013"/>
  <testcase classname="com.swt.AppTest" name="main_TC4" time="0.009"/>
  <testcase classname="com.swt.AppTest" name="main_TC3" time="0.012"/>
</testsuite> <!-- com.swt.AppTest -->
