<?xml version="1.0" encoding="UTF-8"?>
<!-- Generated by org.testng.reporters.JUnitReportReporter -->
<testsuite hostname="MSI" failures="0" tests="5" name="com.swt.AppTest" time="0.025" errors="0" timestamp="2025-05-04T17:03:01 ICT" skipped="0">
  <testcase classname="com.swt.AppTest" name="main_TC5" time="0.010"/>
  <testcase classname="com.swt.AppTest" name="main_TC4" time="0.000"/>
  <testcase classname="com.swt.AppTest" name="main_TC3" time="0.002"/>
  <testcase classname="com.swt.AppTest" name="main_TC1" time="0.011"/>
  <testcase classname="com.swt.AppTest" name="main_TC2" time="0.002"/>
</testsuite> <!-- com.swt.AppTest -->
