<?xml version="1.0" encoding="UTF-8"?>
<!-- Generated by org.testng.reporters.JUnitReportReporter -->
<testsuite hostname="LAPTOP-N8E3DN4O" failures="0" tests="10" name="com.swt.ValidatorTest" time="0.007" errors="0" timestamp="2025-05-04T00:25:22 WIB" skipped="0">
  <testcase classname="com.swt.ValidatorTest" name="checkOperator_TC4" time="0.000"/>
  <testcase classname="com.swt.ValidatorTest" name="checkRange_TC3" time="0.004"/>
  <testcase classname="com.swt.ValidatorTest" name="checkOperator_TC5" time="0.000"/>
  <testcase classname="com.swt.ValidatorTest" name="checkRange_TC2" time="0.001"/>
  <testcase classname="com.swt.ValidatorTest" name="checkRange_TC4" time="0.000"/>
  <testcase classname="com.swt.ValidatorTest" name="checkOperator_TC2" time="0.000"/>
  <testcase classname="com.swt.ValidatorTest" name="checkRange_TC5" time="0.001"/>
  <testcase classname="com.swt.ValidatorTest" name="checkOperator_TC1" time="0.000"/>
  <testcase classname="com.swt.ValidatorTest" name="checkOperator_TC3" time="0.000"/>
  <testcase classname="com.swt.ValidatorTest" name="checkRange_TC1" time="0.001"/>
</testsuite> <!-- com.swt.ValidatorTest -->
