<?xml version="1.0" encoding="UTF-8"?>
<!-- Generated by org.testng.reporters.JUnitReportReporter -->
<testsuite hostname="LAPTOP-N8E3DN4O" failures="0" tests="6" name="com.swt.ResultPrinterTest" time="0.050" errors="0" timestamp="2025-05-04T20:46:22 WIB" skipped="0">
  <testcase classname="com.swt.ResultPrinterTest" name="printError_TC3" time="0.008"/>
  <testcase classname="com.swt.ResultPrinterTest" name="printError_TC4" time="0.008"/>
  <testcase classname="com.swt.ResultPrinterTest" name="printResult_TC1" time="0.007"/>
  <testcase classname="com.swt.ResultPrinterTest" name="printError_TC1" time="0.011"/>
  <testcase classname="com.swt.ResultPrinterTest" name="printError_TC2" time="0.006"/>
  <testcase classname="com.swt.ResultPrinterTest" name="printError_TC5" time="0.010"/>
</testsuite> <!-- com.swt.ResultPrinterTest -->
