<?xml version="1.0" encoding="UTF-8"?>
<!-- Generated by org.testng.reporters.JUnitReportReporter -->
<testsuite hostname="LAPTOP-N8E3DN4O" failures="0" tests="5" name="com.swt.ComputationTest" time="0.021" errors="0" timestamp="2025-05-04T20:46:22 WIB" skipped="0">
  <testcase classname="com.swt.ComputationTest" name="compute_TC2" time="0.003"/>
  <testcase classname="com.swt.ComputationTest" name="compute_TC1" time="0.005"/>
  <testcase classname="com.swt.ComputationTest" name="compute_TC3" time="0.004"/>
  <testcase classname="com.swt.ComputationTest" name="compute_TC4" time="0.003"/>
  <testcase classname="com.swt.ComputationTest" name="compute_TC5" time="0.006"/>
</testsuite> <!-- com.swt.ComputationTest -->
