<?xml version="1.0" encoding="UTF-8"?>
<!-- Generated by org.testng.reporters.JUnitReportReporter -->
<testsuite hostname="LAPTOP-N8E3DN4O" failures="0" tests="15" name="com.swt.ValidatorTest" time="0.083" errors="0" timestamp="2025-05-04T20:46:22 WIB" skipped="0">
  <testcase classname="com.swt.ValidatorTest" name="checkOperator_TC4" time="0.005"/>
  <testcase classname="com.swt.ValidatorTest" name="checkOperator_TC5" time="0.003"/>
  <testcase classname="com.swt.ValidatorTest" name="checkNumeric_TC1" time="0.006"/>
  <testcase classname="com.swt.ValidatorTest" name="checkRange_TC4" time="0.005"/>
  <testcase classname="com.swt.ValidatorTest" name="checkNumeric_TC3" time="0.005"/>
  <testcase classname="com.swt.ValidatorTest" name="checkNumeric_TC2" time="0.003"/>
  <testcase classname="com.swt.ValidatorTest" name="checkOperator_TC2" time="0.004"/>
  <testcase classname="com.swt.ValidatorTest" name="checkDivisor_TC1" time="0.023"/>
  <testcase classname="com.swt.ValidatorTest" name="checkRange_TC3" time="0.003"/>
  <testcase classname="com.swt.ValidatorTest" name="checkRange_TC5" time="0.005"/>
  <testcase classname="com.swt.ValidatorTest" name="checkDivisor_TC2" time="0.005"/>
  <testcase classname="com.swt.ValidatorTest" name="checkRange_TC2" time="0.004"/>
  <testcase classname="com.swt.ValidatorTest" name="checkOperator_TC3" time="0.005"/>
  <testcase classname="com.swt.ValidatorTest" name="checkOperator_TC1" time="0.004"/>
  <testcase classname="com.swt.ValidatorTest" name="checkRange_TC1" time="0.003"/>
</testsuite> <!-- com.swt.ValidatorTest -->
