<?xml version="1.0" encoding="UTF-8"?>
<!-- Generated by org.testng.reporters.JUnitReportReporter -->
<testsuite hostname="LAPTOP-N8E3DN4O" failures="0" tests="5" name="com.swt.ComputationTest" time="0.004" errors="0" timestamp="2025-05-04T17:12:13 WIB" skipped="0">
  <testcase classname="com.swt.ComputationTest" name="compute_TC3" time="0.001"/>
  <testcase classname="com.swt.ComputationTest" name="compute_TC1" time="0.002"/>
  <testcase classname="com.swt.ComputationTest" name="compute_TC2" time="0.000"/>
  <testcase classname="com.swt.ComputationTest" name="compute_TC5" time="0.000"/>
  <testcase classname="com.swt.ComputationTest" name="compute_TC4" time="0.001"/>
</testsuite> <!-- com.swt.ComputationTest -->
